Dec 31 15:35:58 [info] CREATE TABLE "schema_migrations" (
"version" varchar(255)) ;
Dec 31 15:35:58 [info] CREATE UNIQUE INDEX "idx_schema_migrations_version" ON "schema_migrations"("version")
Dec 31 15:35:58 [info] SELECT version FROM schema_migrations
Dec 31 15:35:58 [info] SELECT version FROM schema_migrations
Dec 31 15:35:58 [info] SELECT version FROM schema_migrations
Dec 31 15:35:58 [info] CREATE TABLE "users" (
"id" serial,
"login" varchar(255),
"password" varchar(255),
 PRIMARY KEY ("id")) ;
Dec 31 15:35:58 [info] INSERT INTO schema_migrations (version) VALUES ('20131001113942')
Dec 31 16:12:54 [info] SELECT version FROM schema_migrations
Dec 31 16:12:54 [info] SELECT version FROM schema_migrations
Dec 31 16:12:54 [info] SELECT version FROM schema_migrations
Dec 31 16:12:54 [info] CREATE TABLE games(
          id PRIMARY KEY SERIAL,
        );
Dec 31 16:13:14 [info] SELECT version FROM schema_migrations
Dec 31 16:13:14 [info] SELECT version FROM schema_migrations
Dec 31 16:13:14 [info] SELECT version FROM schema_migrations
Dec 31 16:13:14 [info] CREATE TABLE games(
          id serial PRIMARY KEY,
        );
Dec 31 16:13:27 [info] SELECT version FROM schema_migrations
Dec 31 16:13:27 [info] SELECT version FROM schema_migrations
Dec 31 16:13:27 [info] SELECT version FROM schema_migrations
Dec 31 16:13:27 [info] CREATE TABLE games(
          id serial PRIMARY KEY
        );
Dec 31 16:13:27 [info] INSERT INTO schema_migrations (version) VALUES ('20151231150321')
Dec 31 16:13:27 [info] CREATE TABLE game_users(
          id serial PRIMARY KEY,
          game_id INTEGER REFERENCES games,
          user_id INTEGER REFERENCES users,
          score INTEGER,
          ordinal INTEGER
        );
Dec 31 16:13:27 [info] INSERT INTO schema_migrations (version) VALUES ('20151231150336')
Dec 31 16:13:27 [info] ALTER TABLE game_users ADD current_game_user_id INTEGER REFERENCES game_users);
Dec 31 16:13:45 [info] SELECT version FROM schema_migrations
Dec 31 16:13:45 [info] SELECT version FROM schema_migrations
Dec 31 16:13:45 [info] SELECT version FROM schema_migrations
Dec 31 16:13:45 [info] ALTER TABLE game_users ADD current_game_user_id INTEGER REFERENCES game_users;
Dec 31 16:13:45 [info] INSERT INTO schema_migrations (version) VALUES ('20151231151141')
Jan 01 14:16:11 [info] CREATE TABLE "schema_migrations" (
"version" varchar(255)) ;
Jan 01 14:16:11 [info] CREATE UNIQUE INDEX "idx_schema_migrations_version" ON "schema_migrations"("version")
Jan 01 14:16:11 [info] SELECT version FROM schema_migrations
Jan 01 14:16:11 [info] SELECT version FROM schema_migrations
Jan 01 14:16:11 [info] SELECT version FROM schema_migrations
Jan 01 14:16:11 [info] CREATE TABLE "users" (
"id" serial,
"login" varchar(255),
"password" varchar(255),
 PRIMARY KEY ("id")) ;
Jan 01 14:16:11 [info] INSERT INTO schema_migrations (version) VALUES ('20131001113942')
Jan 01 14:16:11 [info] CREATE TABLE games(
          id serial PRIMARY KEY
        );
Jan 01 14:16:11 [info] INSERT INTO schema_migrations (version) VALUES ('20151231150321')
Jan 01 14:16:11 [info] CREATE TABLE game_users(
          id serial PRIMARY KEY,
          game_id INTEGER REFERENCES games,
          user_id INTEGER REFERENCES users,
          score INTEGER,
          ordinal INTEGER
        );
Jan 01 14:16:11 [info] INSERT INTO schema_migrations (version) VALUES ('20151231150336')
Jan 01 14:16:11 [info] ALTER TABLE game_users ADD current_game_user_id INTEGER REFERENCES game_users;
Jan 01 14:16:11 [info] INSERT INTO schema_migrations (version) VALUES ('20151231151141')
Jan 01 14:16:24 [info] CREATE TABLE "schema_migrations" (
"version" varchar(255)) ;
Jan 01 14:16:24 [info] CREATE UNIQUE INDEX "idx_schema_migrations_version" ON "schema_migrations"("version")
Jan 01 14:16:24 [info] SELECT version FROM schema_migrations
Jan 01 14:16:24 [info] SELECT version FROM schema_migrations
Jan 01 14:16:24 [info] SELECT version FROM schema_migrations
Jan 01 14:16:24 [info] CREATE TABLE "users" (
"id" serial,
"login" varchar(255),
"password" varchar(255),
 PRIMARY KEY ("id")) ;
Jan 01 14:16:25 [info] INSERT INTO schema_migrations (version) VALUES ('20131001113942')
Jan 01 14:16:25 [info] CREATE TABLE games(
          id serial PRIMARY KEY
        );
Jan 01 14:16:25 [info] INSERT INTO schema_migrations (version) VALUES ('20151231150321')
Jan 01 14:16:25 [info] CREATE TABLE game_users(
          id serial PRIMARY KEY,
          game_id INTEGER REFERENCES games,
          user_id INTEGER REFERENCES users,
          score INTEGER,
          ordinal INTEGER
        );
Jan 01 14:16:25 [info] INSERT INTO schema_migrations (version) VALUES ('20151231150336')
Jan 01 14:16:25 [info] ALTER TABLE game_users ADD current_game_user_id INTEGER REFERENCES game_users;
Jan 01 14:16:25 [info] INSERT INTO schema_migrations (version) VALUES ('20151231151141')
